<?xml version="1.0" encoding="UTF-8"?>
<!-- Generated by org.testng.reporters.JUnitReportReporter -->
<testsuite hostname="Pcasa" failures="0" tests="2" name="com.automatizacion.ejer1_1" time="6.471" errors="0" timestamp="2026-09-15T19:13:54 GMT-03:00" skipped="0">
  <testcase classname="com.automatizacion.ejer1_1" name="BuscarPalabraChrome" time="5.308"/>
  <testcase classname="com.automatizacion.ejer1_1" name="BuscarPalabraChromeLocal" time="1.163"/>
</testsuite> <!-- com.automatizacion.ejer1_1 -->
