<?xml version="1.0" encoding="UTF-8"?>
<!-- Generated by org.testng.reporters.JUnitReportReporter -->
<testsuite hostname="Pcasa" failures="0" tests="2" name="com.automatizacion.ejer7" time="0.195" errors="0" timestamp="2026-09-17T19:39:54 GMT-03:00" skipped="0">
  <testcase classname="com.automatizacion.ejer7" name="BuscarPalabraChromeLocal" time="0.103"/>
  <testcase classname="com.automatizacion.ejer7" name="BuscarPalabraChromeLocal" time="0.092"/>
</testsuite> <!-- com.automatizacion.ejer7 -->
